2019/09/02 07:26:31 [INFO] Terraform version: 0.11.14 mesosphere 
2019/09/02 07:26:31 [INFO] Go runtime version: go1.12
2019/09/02 07:26:31 [INFO] CLI args: []string{"/bin/terraform", "init", "-upgrade"}
2019/09/02 07:26:31 [DEBUG] Attempting to open CLI config file: /root/.terraformrc
2019/09/02 07:26:31 [DEBUG] File doesn't exist, but doesn't need to. Ignoring.
2019/09/02 07:26:31 [INFO] CLI command args: []string{"init", "-upgrade"}
2019/09/02 07:26:31 [DEBUG] command: loading backend config file: /jenkins/workspace/s-windows-instance_support_0.2.x
2019/09/02 07:26:31 [DEBUG] matched "dcos-terraform/instance/aws" version  for ~> 0.2.1
2019/09/02 07:26:31 [DEBUG] Service discovery for registry.terraform.io at https://registry.terraform.io/.well-known/terraform.json
2019/09/02 07:26:31 [DEBUG] fetching module versions from "https://registry.terraform.io/v1/modules/dcos-terraform/instance/aws/versions"
2019/09/02 07:26:31 [DEBUG] found available version "0.2.3" for dcos-terraform/instance/aws
2019/09/02 07:26:31 [DEBUG] found available version "0.1.3" for dcos-terraform/instance/aws
2019/09/02 07:26:31 [DEBUG] found available version "0.2.2" for dcos-terraform/instance/aws
2019/09/02 07:26:31 [DEBUG] found available version "0.2.1" for dcos-terraform/instance/aws
2019/09/02 07:26:31 [DEBUG] found available version "0.2.0" for dcos-terraform/instance/aws
2019/09/02 07:26:31 [DEBUG] found available version "0.1.2" for dcos-terraform/instance/aws
2019/09/02 07:26:31 [DEBUG] found available version "0.1.1" for dcos-terraform/instance/aws
2019/09/02 07:26:31 [DEBUG] found available version "0.1.0" for dcos-terraform/instance/aws
2019/09/02 07:26:31 [DEBUG] found available version "0.0.7" for dcos-terraform/instance/aws
2019/09/02 07:26:31 [DEBUG] found available version "0.0.6" for dcos-terraform/instance/aws
2019/09/02 07:26:31 [DEBUG] found available version "0.0.5" for dcos-terraform/instance/aws
2019/09/02 07:26:31 [DEBUG] found available version "0.0.4" for dcos-terraform/instance/aws
2019/09/02 07:26:31 [DEBUG] found available version "0.0.3" for dcos-terraform/instance/aws
2019/09/02 07:26:31 [DEBUG] found available version "0.0.1" for dcos-terraform/instance/aws
2019/09/02 07:26:31 [DEBUG] found available version "0.0.2" for dcos-terraform/instance/aws
2019/09/02 07:26:31 [DEBUG] looking up module location from "https://registry.terraform.io/v1/modules/dcos-terraform/instance/aws/0.2.3/download"
2019/09/02 07:26:31 [DEBUG] found "https://api.github.com/repos/dcos-terraform/terraform-aws-instance/tarball/0.2.3?archive=tar.gz" in ".terraform/modules/671a520c18484b7b0c360365e2be7d0b": true
2019/09/02 07:26:31 [TRACE] "https://api.github.com/repos/dcos-terraform/terraform-aws-instance/tarball/0.2.3?archive=tar.gz" stored in ".terraform/modules/671a520c18484b7b0c360365e2be7d0b"
2019/09/02 07:26:31 [INFO] no matching version for "dcos-terraform/tested-oses/aws"<~> 0.2.0>, no versions found
2019/09/02 07:26:31 [DEBUG] matched "dcos-terraform/tested-oses/aws" version  for ~> 0.2.0
2019/09/02 07:26:31 [DEBUG] fetching module versions from "https://registry.terraform.io/v1/modules/dcos-terraform/tested-oses/aws/versions"
2019/09/02 07:26:31 [DEBUG] found available version "0.2.1" for dcos-terraform/tested-oses/aws
2019/09/02 07:26:31 [DEBUG] found available version "0.1.3" for dcos-terraform/tested-oses/aws
2019/09/02 07:26:31 [DEBUG] found available version "0.2.0" for dcos-terraform/tested-oses/aws
2019/09/02 07:26:31 [DEBUG] found available version "0.1.2" for dcos-terraform/tested-oses/aws
2019/09/02 07:26:31 [DEBUG] found available version "0.1.1" for dcos-terraform/tested-oses/aws
2019/09/02 07:26:31 [DEBUG] found available version "0.1.0" for dcos-terraform/tested-oses/aws
2019/09/02 07:26:31 [DEBUG] found available version "0.0.7" for dcos-terraform/tested-oses/aws
2019/09/02 07:26:31 [DEBUG] found available version "0.0.6" for dcos-terraform/tested-oses/aws
2019/09/02 07:26:31 [DEBUG] found available version "0.0.5" for dcos-terraform/tested-oses/aws
2019/09/02 07:26:31 [DEBUG] found available version "0.0.4" for dcos-terraform/tested-oses/aws
2019/09/02 07:26:31 [DEBUG] found available version "0.0.3" for dcos-terraform/tested-oses/aws
2019/09/02 07:26:31 [DEBUG] found available version "0.0.2" for dcos-terraform/tested-oses/aws
2019/09/02 07:26:31 [DEBUG] found available version "0.0.1" for dcos-terraform/tested-oses/aws
2019/09/02 07:26:31 [DEBUG] looking up module location from "https://registry.terraform.io/v1/modules/dcos-terraform/tested-oses/aws/0.2.1/download"
2019/09/02 07:26:31 [DEBUG] found "https://api.github.com/repos/dcos-terraform/terraform-aws-tested-oses/tarball/0.2.1?archive=tar.gz" in ".terraform/modules/6f306bb51f835baf3ad64e24d03b8078": true
2019/09/02 07:26:31 [TRACE] "https://api.github.com/repos/dcos-terraform/terraform-aws-tested-oses/tarball/0.2.1?archive=tar.gz" stored in ".terraform/modules/6f306bb51f835baf3ad64e24d03b8078"
2019/09/02 07:26:31 [INFO] command: empty backend config, returning nil
2019/09/02 07:26:31 [DEBUG] command: no data state file found for backend config
2019/09/02 07:26:31 [DEBUG] New state was assigned lineage "5bf1e385-970a-43d5-9ffd-034736a87258"
2019/09/02 07:26:31 [INFO] command: backend initialized: <nil>
2019/09/02 07:26:31 [DEBUG] checking for provider in "."
2019/09/02 07:26:31 [DEBUG] checking for provider in "/bin"
2019/09/02 07:26:31 [DEBUG] checking for provisioner in "."
2019/09/02 07:26:31 [DEBUG] checking for provisioner in "/bin"
2019/09/02 07:26:31 [INFO] Failed to read plugin lock file .terraform/plugins/linux_amd64/lock.json: open .terraform/plugins/linux_amd64/lock.json: no such file or directory
2019/09/02 07:26:31 [INFO] command: backend <nil> is not enhanced, wrapping in local
2019/09/02 07:26:31 [DEBUG] found local version "0.2.3" for module dcos-terraform/instance/aws
2019/09/02 07:26:31 [DEBUG] matched "dcos-terraform/instance/aws" version 0.2.3 for ~> 0.2.1
2019/09/02 07:26:31 [DEBUG] found local version "0.2.1" for module dcos-terraform/tested-oses/aws
2019/09/02 07:26:31 [DEBUG] matched "dcos-terraform/tested-oses/aws" version 0.2.1 for ~> 0.2.0
2019/09/02 07:26:31 [DEBUG] checking for provider in "."
2019/09/02 07:26:31 [DEBUG] checking for provider in "/bin"
2019/09/02 07:26:31 [DEBUG] plugin requirements: "aws"=""
2019/09/02 07:26:31 [DEBUG] plugin requirements: "template"=""
2019/09/02 07:26:31 [DEBUG] plugin requirements: "tls"=""
2019/09/02 07:26:31 [DEBUG] fetching provider info for aws version 2.26.0
2019/09/02 07:26:31 [DEBUG] getting provider "aws" version "2.26.0"
2019/09/02 07:26:31 [DEBUG] plugin cache is disabled, so downloading aws 2.26.0 from https://releases.hashicorp.com/terraform-provider-aws/2.26.0/terraform-provider-aws_2.26.0_linux_amd64.zip?checksum=sha256:1ead0e3f5cc830e8958e410dd60a3909574f30647651c5b0b2103b2c7416e144
2019/09/02 07:26:34 [DEBUG] looking for the aws 2.26.0 plugin we just installed
2019/09/02 07:26:34 [DEBUG] checking for provider in ".terraform/plugins/linux_amd64"
2019/09/02 07:26:34 [DEBUG] found provider "terraform-provider-aws_v2.26.0_x4"
2019/09/02 07:26:34 [DEBUG] all plugins found discovery.PluginMetaSet{discovery.PluginMeta{Name:"aws", Version:"2.26.0", Path:"/jenkins/workspace/s-windows-instance_support_0.2.x/.terraform/plugins/linux_amd64/terraform-provider-aws_v2.26.0_x4"}:struct {}{}}
2019/09/02 07:26:34 [DEBUG] filtered plugins discovery.PluginMetaSet{discovery.PluginMeta{Name:"aws", Version:"2.26.0", Path:"/jenkins/workspace/s-windows-instance_support_0.2.x/.terraform/plugins/linux_amd64/terraform-provider-aws_v2.26.0_x4"}:struct {}{}}
2019/09/02 07:26:34 [DEBUG] fetching provider info for template version 2.1.2
2019/09/02 07:26:34 [DEBUG] getting provider "template" version "2.1.2"
2019/09/02 07:26:34 [DEBUG] plugin cache is disabled, so downloading template 2.1.2 from https://releases.hashicorp.com/terraform-provider-template/2.1.2/terraform-provider-template_2.1.2_linux_amd64.zip?checksum=sha256:149e4bf47ac21b67f6567767afcd29caaf0b0ca43714748093a00a2a98cd17a8
2019/09/02 07:26:34 [DEBUG] looking for the template 2.1.2 plugin we just installed
2019/09/02 07:26:34 [DEBUG] checking for provider in ".terraform/plugins/linux_amd64"
2019/09/02 07:26:34 [DEBUG] found provider "terraform-provider-aws_v2.26.0_x4"
2019/09/02 07:26:34 [DEBUG] found provider "terraform-provider-template_v2.1.2_x4"
2019/09/02 07:26:34 [DEBUG] all plugins found discovery.PluginMetaSet{discovery.PluginMeta{Name:"aws", Version:"2.26.0", Path:"/jenkins/workspace/s-windows-instance_support_0.2.x/.terraform/plugins/linux_amd64/terraform-provider-aws_v2.26.0_x4"}:struct {}{}, discovery.PluginMeta{Name:"template", Version:"2.1.2", Path:"/jenkins/workspace/s-windows-instance_support_0.2.x/.terraform/plugins/linux_amd64/terraform-provider-template_v2.1.2_x4"}:struct {}{}}
2019/09/02 07:26:34 [DEBUG] filtered plugins discovery.PluginMetaSet{discovery.PluginMeta{Name:"template", Version:"2.1.2", Path:"/jenkins/workspace/s-windows-instance_support_0.2.x/.terraform/plugins/linux_amd64/terraform-provider-template_v2.1.2_x4"}:struct {}{}}
2019/09/02 07:26:34 [DEBUG] fetching provider info for tls version 2.1.0
2019/09/02 07:26:34 [DEBUG] getting provider "tls" version "2.1.0"
2019/09/02 07:26:34 [DEBUG] plugin cache is disabled, so downloading tls 2.1.0 from https://releases.hashicorp.com/terraform-provider-tls/2.1.0/terraform-provider-tls_2.1.0_linux_amd64.zip?checksum=sha256:a20f94cf80e9d1250214a3489344451721e42792950baee562260bb878a21c7d
2019/09/02 07:26:35 [DEBUG] looking for the tls 2.1.0 plugin we just installed
2019/09/02 07:26:35 [DEBUG] checking for provider in ".terraform/plugins/linux_amd64"
2019/09/02 07:26:35 [DEBUG] found provider "terraform-provider-aws_v2.26.0_x4"
2019/09/02 07:26:35 [DEBUG] found provider "terraform-provider-template_v2.1.2_x4"
2019/09/02 07:26:35 [DEBUG] found provider "terraform-provider-tls_v2.1.0_x4"
2019/09/02 07:26:35 [DEBUG] all plugins found discovery.PluginMetaSet{discovery.PluginMeta{Name:"aws", Version:"2.26.0", Path:"/jenkins/workspace/s-windows-instance_support_0.2.x/.terraform/plugins/linux_amd64/terraform-provider-aws_v2.26.0_x4"}:struct {}{}, discovery.PluginMeta{Name:"template", Version:"2.1.2", Path:"/jenkins/workspace/s-windows-instance_support_0.2.x/.terraform/plugins/linux_amd64/terraform-provider-template_v2.1.2_x4"}:struct {}{}, discovery.PluginMeta{Name:"tls", Version:"2.1.0", Path:"/jenkins/workspace/s-windows-instance_support_0.2.x/.terraform/plugins/linux_amd64/terraform-provider-tls_v2.1.0_x4"}:struct {}{}}
2019/09/02 07:26:35 [DEBUG] filtered plugins discovery.PluginMetaSet{discovery.PluginMeta{Name:"tls", Version:"2.1.0", Path:"/jenkins/workspace/s-windows-instance_support_0.2.x/.terraform/plugins/linux_amd64/terraform-provider-tls_v2.1.0_x4"}:struct {}{}}
2019/09/02 07:26:35 [DEBUG] checking for provider in "."
2019/09/02 07:26:35 [DEBUG] checking for provider in "/bin"
2019/09/02 07:26:35 [DEBUG] checking for provider in ".terraform/plugins/linux_amd64"
2019/09/02 07:26:35 [DEBUG] found provider "terraform-provider-aws_v2.26.0_x4"
2019/09/02 07:26:35 [DEBUG] found provider "terraform-provider-template_v2.1.2_x4"
2019/09/02 07:26:35 [DEBUG] found provider "terraform-provider-tls_v2.1.0_x4"
2019/09/02 07:26:35 [DEBUG] found valid plugin: "aws", "2.26.0", "/jenkins/workspace/s-windows-instance_support_0.2.x/.terraform/plugins/linux_amd64/terraform-provider-aws_v2.26.0_x4"
2019/09/02 07:26:35 [DEBUG] found valid plugin: "template", "2.1.2", "/jenkins/workspace/s-windows-instance_support_0.2.x/.terraform/plugins/linux_amd64/terraform-provider-template_v2.1.2_x4"
2019/09/02 07:26:35 [DEBUG] found valid plugin: "tls", "2.1.0", "/jenkins/workspace/s-windows-instance_support_0.2.x/.terraform/plugins/linux_amd64/terraform-provider-tls_v2.1.0_x4"
2019/09/02 07:26:36 [DEBUG] checking for provider in ".terraform/plugins/linux_amd64"
2019/09/02 07:26:36 [DEBUG] found provider "terraform-provider-aws_v2.26.0_x4"
2019/09/02 07:26:36 [DEBUG] found provider "terraform-provider-template_v2.1.2_x4"
2019/09/02 07:26:36 [DEBUG] found provider "terraform-provider-tls_v2.1.0_x4"
2019/09/02 07:26:36 [DEBUG] plugin: waiting for all plugin processes to complete...
2019/09/02 07:26:36 [INFO] Terraform version: 0.11.14 mesosphere 
2019/09/02 07:26:36 [INFO] Go runtime version: go1.12
2019/09/02 07:26:36 [INFO] CLI args: []string{"/bin/terraform", "validate", "-check-variables=false"}
2019/09/02 07:26:36 [DEBUG] Attempting to open CLI config file: /root/.terraformrc
2019/09/02 07:26:36 [DEBUG] File doesn't exist, but doesn't need to. Ignoring.
2019/09/02 07:26:36 [INFO] CLI command args: []string{"validate", "-check-variables=false"}
2019/09/02 07:26:36 [DEBUG] plugin: waiting for all plugin processes to complete...
2019/09/02 07:27:10 [INFO] Terraform version: 0.11.14 mesosphere 
2019/09/02 07:27:10 [INFO] Go runtime version: go1.12
2019/09/02 07:27:10 [INFO] CLI args: []string{"/bin/terraform", "fmt", "main.tf"}
2019/09/02 07:27:10 [DEBUG] Attempting to open CLI config file: /root/.terraformrc
2019/09/02 07:27:10 [DEBUG] File doesn't exist, but doesn't need to. Ignoring.
2019/09/02 07:27:10 [INFO] CLI command args: []string{"fmt", "main.tf"}
2019/09/02 07:27:10 [DEBUG] plugin: waiting for all plugin processes to complete...
2019/09/02 07:27:10 [INFO] Terraform version: 0.11.14 mesosphere 
2019/09/02 07:27:10 [INFO] Go runtime version: go1.12
2019/09/02 07:27:10 [INFO] CLI args: []string{"/bin/terraform", "fmt", "meta.tf"}
2019/09/02 07:27:10 [DEBUG] Attempting to open CLI config file: /root/.terraformrc
2019/09/02 07:27:10 [DEBUG] File doesn't exist, but doesn't need to. Ignoring.
2019/09/02 07:27:10 [INFO] CLI command args: []string{"fmt", "meta.tf"}
2019/09/02 07:27:10 [DEBUG] plugin: waiting for all plugin processes to complete...
2019/09/02 07:27:10 [INFO] Terraform version: 0.11.14 mesosphere 
2019/09/02 07:27:10 [INFO] Go runtime version: go1.12
2019/09/02 07:27:10 [INFO] CLI args: []string{"/bin/terraform", "fmt", "outputs.tf"}
2019/09/02 07:27:10 [DEBUG] Attempting to open CLI config file: /root/.terraformrc
2019/09/02 07:27:10 [DEBUG] File doesn't exist, but doesn't need to. Ignoring.
2019/09/02 07:27:10 [INFO] CLI command args: []string{"fmt", "outputs.tf"}
2019/09/02 07:27:10 [DEBUG] plugin: waiting for all plugin processes to complete...
2019/09/02 07:27:10 [INFO] Terraform version: 0.11.14 mesosphere 
2019/09/02 07:27:10 [INFO] Go runtime version: go1.12
2019/09/02 07:27:10 [INFO] CLI args: []string{"/bin/terraform", "fmt", "variables.tf"}
2019/09/02 07:27:10 [DEBUG] Attempting to open CLI config file: /root/.terraformrc
2019/09/02 07:27:10 [DEBUG] File doesn't exist, but doesn't need to. Ignoring.
2019/09/02 07:27:10 [INFO] CLI command args: []string{"fmt", "variables.tf"}
2019/09/02 07:27:10 [DEBUG] plugin: waiting for all plugin processes to complete...
